[2026-03-26 17:22:49] GET /login.html -> 0
[2026-03-26 17:22:49] GET /login.html -> 200
[2026-03-26 17:22:49] GET /favicon.ico -> 0
[2026-03-26 17:22:49] GET /favicon.ico -> 404
[2026-03-26 17:22:56] POST /login.html -> 0
[2026-03-26 17:23:36] POST /login.html -> 0
[2026-03-26 17:23:38] POST /login.html -> 0
[2026-03-26 18:43:15] GET /login.html -> 0
[2026-03-26 18:43:15] GET /login.html -> 200
[2026-03-26 18:43:15] GET /favicon.ico -> 0
[2026-03-26 18:43:15] GET /favicon.ico -> 404
[2026-03-26 18:43:23] POST /login.html -> 0
[2026-03-26 18:43:33] GET /index.html -> 0
[2026-03-26 18:43:33] GET /index.html -> 200
[2026-03-26 18:43:33] GET /photo/EASON-CHAN.png -> 0
[2026-03-26 18:43:33] GET /photo/Eason-Concert-Horizontal-01-2-3c.png -> 0
[2026-03-26 18:43:33] GET /photo/EASON-CHAN.png -> 200
[2026-03-26 18:43:33] GET /photo/Eason-Concert-Horizontal-01-2-3c.png -> 200
[2026-03-26 18:43:33] GET /photo/QQ20241206-214636.png -> 0
[2026-03-26 18:43:33] GET /photo/11OIP-C.png -> 0
[2026-03-26 18:43:33] GET /photo/11OIP-C.png -> 200
[2026-03-26 18:43:33] GET /photo/OIP-C%20(2).png -> 0
[2026-03-26 18:43:33] GET /photo/OIP-C%20(2).png -> 404
[2026-03-26 18:43:33] GET /photo/QQ20241206-214636.png -> 200
[2026-03-26 18:43:33] GET /photo/OIP-C%20(3).png -> 0
[2026-03-26 18:43:33] GET /photo/OIP-C%20(3).png -> 404
[2026-03-26 18:43:33] GET /photo/OIP-C%20(4).png -> 0
[2026-03-26 18:43:33] GET /photo/OIP-C%20(4).png -> 404
[2026-03-26 18:43:33] GET /photo/OIP-C1.png -> 0
[2026-03-26 18:43:33] GET /photo/OIP-C1.png -> 200
[2026-03-26 18:43:33] GET /photo/OIP-C2.png -> 0
[2026-03-26 18:43:33] GET /photo/OIP-C2.png -> 200
[2026-03-26 18:43:33] GET /photo/OIP-22C.png -> 0
[2026-03-26 18:43:33] GET /photo/OIP-22C.png -> 200
[2026-03-26 18:43:33] GET /photo/OIP-C.png -> 0
[2026-03-26 18:43:33] GET /photo/OIP-C.png -> 200
[2026-03-26 18:43:33] GET /photo/gequfengmian/IMG_2955.png -> 0
[2026-03-26 18:43:33] GET /photo/gequfengmian/IMG_2955.png -> 200
[2026-03-26 18:43:33] GET /photo/gequfengmian/IMG_2950.png -> 0
[2026-03-26 18:43:33] GET /photo/gequfengmian/IMG_2950.png -> 200
[2026-03-26 18:43:33] GET /photo/gequfengmian/IMG_2956.png -> 0
[2026-03-26 18:43:33] GET /photo/gequfengmian/IMG_2956.png -> 200
[2026-03-26 18:43:33] GET /photo/gequfengmian/IMG_2957.png -> 0
[2026-03-26 18:43:33] GET /photo/gequfengmian/IMG_2957.png -> 200
[2026-03-26 18:43:33] GET /photo/gequfengmian/IMG_2959.png -> 0
[2026-03-26 18:43:33] GET /photo/gequfengmian/IMG_2959.png -> 200
[2026-03-26 18:43:33] GET /photo/gequfengmian/IMG_2960.png -> 0
[2026-03-26 18:43:33] GET /photo/gequfengmian/IMG_2960.png -> 200
[2026-03-26 18:43:33] GET /photo/gequfengmian/IMG_2961.png -> 0
[2026-03-26 18:43:33] GET /photo/gequfengmian/IMG_2961.png -> 200
[2026-03-26 18:43:33] GET /photo/gequfengmian/IMG_2962.png -> 0
[2026-03-26 18:43:33] GET /photo/gequfengmian/IMG_2962.png -> 200
[2026-03-26 18:43:33] GET /photo/gequfengmian/IMG_2963.png -> 0
[2026-03-26 18:43:33] GET /photo/gequfengmian/IMG_2963.png -> 200
[2026-03-26 18:43:33] GET /photo/002-768x543.png -> 0
[2026-03-26 18:43:33] GET /photo/002-768x543.png -> 200
[2026-03-26 18:43:33] GET /photo/22.png -> 0
[2026-03-26 18:43:33] GET /photo/22.png -> 200
[2026-03-26 18:43:33] GET /photo/33.png -> 0
[2026-03-26 18:43:33] GET /photo/33.png -> 200
[2026-03-26 18:43:33] GET /photo/44.png -> 0
[2026-03-26 18:43:33] GET /photo/44.png -> 200
[2026-03-26 18:43:33] GET /photo/th.png -> 0
[2026-03-26 18:43:33] GET /photo/th.png -> 200
[2026-03-26 18:43:33] GET /photo/w640slw.png -> 0
[2026-03-26 18:43:33] GET /photo/666.png -> 0
[2026-03-26 18:43:33] GET /photo/77.png -> 0
[2026-03-26 18:43:33] GET /photo/FB-f-Logo_-white_100.png -> 0
[2026-03-26 18:43:33] GET /photo/77.png -> 200
[2026-03-26 18:43:33] GET /photo/FB-f-Logo_-white_100.png -> 200
[2026-03-26 18:43:33] GET /photo/w640slw.png -> 200
[2026-03-26 18:43:33] GET /photo/666.png -> 200
[2026-03-26 18:43:33] GET /photo/wechat-white-1.png -> 0
[2026-03-26 18:43:33] GET /photo/wechat-white-1.png -> 200
[2026-03-26 18:43:33] GET /photo/weibo-white-website-logo-1.png -> 0
[2026-03-26 18:43:33] GET /photo/youtube-white-150x150-1.png -> 0
[2026-03-26 18:43:33] GET /photo/youtube-white-150x150-1.png -> 200
[2026-03-26 18:43:33] GET /photo/weibo-white-website-logo-1.png -> 200
[2026-03-26 18:43:38] GET /shop.html -> 0
[2026-03-26 18:43:38] GET /shop.html -> 200
[2026-03-26 18:43:38] GET /photo/EASON-CHAN.png -> 0
[2026-03-26 18:43:38] GET /photo/EASON-CHAN.png -> 200
[2026-03-26 18:43:38] GET /photo/shop/04-2-600x600.png -> 0
[2026-03-26 18:43:38] GET /photo/shop/04-2-600x600.png -> 200
[2026-03-26 18:43:38] GET /photo/shop/07-3-600x600.png -> 0
[2026-03-26 18:43:38] GET /photo/shop/14-2-1536x1536.png -> 0
[2026-03-26 18:43:38] GET /photo/shop/07-3-600x600.png -> 200
[2026-03-26 18:43:38] GET /photo/shop/14-2-1536x1536.png -> 200
[2026-03-26 18:43:38] GET /photo/shop/57-1536x1536.png -> 0
[2026-03-26 18:43:38] GET /photo/shop/57-1536x1536.png -> 200
[2026-03-26 18:43:38] GET /photo/shop/60-600x600.png -> 0
[2026-03-26 18:43:38] GET /photo/shop/60-600x600.png -> 200
[2026-03-26 18:43:38] GET /photo/shop/65-768x768.png -> 0
[2026-03-26 18:43:38] GET /photo/shop/65-768x768.png -> 200
[2026-03-26 18:43:38] GET /photo/shop/78-300x300.png -> 0
[2026-03-26 18:43:38] GET /photo/shop/82-1-300x300.png -> 0
[2026-03-26 18:43:38] GET /photo/shop/78-300x300.png -> 200
[2026-03-26 18:43:38] GET /photo/shop/82-1-300x300.png -> 200
[2026-03-26 18:43:38] GET /photo/shop/01-150x150.png -> 0
[2026-03-26 18:43:38] GET /photo/shop/01-150x150.png -> 200
[2026-03-26 18:43:38] GET /photo/FB-f-Logo_-white_100.png -> 0
[2026-03-26 18:43:38] GET /photo/FB-f-Logo_-white_100.png -> 200
[2026-03-26 18:43:38] GET /photo/wechat-white-1.png -> 0
[2026-03-26 18:43:38] GET /photo/weibo-white-website-logo-1.png -> 0
[2026-03-26 18:43:38] GET /photo/wechat-white-1.png -> 200
[2026-03-26 18:43:38] GET /photo/weibo-white-website-logo-1.png -> 200
[2026-03-26 18:43:38] GET /photo/youtube-white-150x150-1.png -> 0
[2026-03-26 18:43:38] GET /photo/youtube-white-150x150-1.png -> 200
[2026-03-26 18:43:38] GET /photo/QQ20241206-214636.png -> 0
[2026-03-26 18:43:38] GET /photo/QQ20241206-214636.png -> 200
[2026-03-26 18:46:34] POST /login.html -> 0
[2026-03-26 18:46:49] GET /login.html -> 0
[2026-03-26 18:46:49] GET /login.html -> 200
[2026-03-26 18:46:54] POST /login.html -> 0
[2026-03-26 18:47:43] GET /login.html -> 0
[2026-03-26 18:47:43] GET /login.html -> 200
[2026-03-26 18:47:46] GET /login.html -> 0
[2026-03-26 18:47:46] GET /login.html -> 200
[2026-03-26 18:47:57] POST /login.html -> 0
[2026-03-26 18:56:44] GET /login.html -> 0
[2026-03-26 18:56:44] GET /login.html -> 200
[2026-03-26 18:56:45] GET /favicon.ico -> 0
[2026-03-26 18:56:45] GET /favicon.ico -> 404
[2026-03-26 18:56:49] POST /login.html -> 0
[2026-03-26 18:56:58] POST /login.html -> 0
[2026-03-26 18:57:15] POST /login.html -> 0
[2026-03-26 18:57:16] POST /login.html -> 0
[2026-03-26 18:57:46] POST /login.html -> 0
[2026-03-26 18:57:59] GET /index.html -> 0
[2026-03-26 18:57:59] GET /index.html -> 200
[2026-03-26 18:57:59] GET /photo/EASON-CHAN.png -> 0
[2026-03-26 18:57:59] GET /photo/EASON-CHAN.png -> 200
[2026-03-26 18:57:59] GET /photo/11OIP-C.png -> 0
[2026-03-26 18:57:59] GET /photo/11OIP-C.png -> 200
[2026-03-26 18:57:59] GET /photo/OIP-C%20(2).png -> 0
[2026-03-26 18:57:59] GET /photo/Eason-Concert-Horizontal-01-2-3c.png -> 0
[2026-03-26 18:57:59] GET /photo/OIP-C%20(2).png -> 404
[2026-03-26 18:57:59] GET /photo/OIP-C%20(4).png -> 0
[2026-03-26 18:57:59] GET /photo/Eason-Concert-Horizontal-01-2-3c.png -> 200
[2026-03-26 18:57:59] GET /photo/OIP-C%20(3).png -> 0
[2026-03-26 18:57:59] GET /photo/OIP-C%20(3).png -> 404
[2026-03-26 18:57:59] GET /photo/OIP-C%20(4).png -> 404
[2026-03-26 18:57:59] GET /photo/OIP-C1.png -> 0
[2026-03-26 18:57:59] GET /photo/OIP-C1.png -> 200
[2026-03-26 18:57:59] GET /photo/OIP-C2.png -> 0
[2026-03-26 18:57:59] GET /photo/OIP-C2.png -> 200
[2026-03-26 18:57:59] GET /photo/OIP-22C.png -> 0
[2026-03-26 18:57:59] GET /photo/OIP-C.png -> 0
[2026-03-26 18:57:59] GET /photo/OIP-22C.png -> 200
[2026-03-26 18:57:59] GET /photo/OIP-C.png -> 200
[2026-03-26 18:57:59] GET /photo/gequfengmian/IMG_2955.png -> 0
[2026-03-26 18:57:59] GET /photo/gequfengmian/IMG_2955.png -> 200
[2026-03-26 18:57:59] GET /photo/QQ20241206-214636.png -> 0
[2026-03-26 18:57:59] GET /photo/QQ20241206-214636.png -> 200
[2026-03-26 18:57:59] GET /photo/gequfengmian/IMG_2956.png -> 0
[2026-03-26 18:57:59] GET /photo/gequfengmian/IMG_2956.png -> 200
[2026-03-26 18:57:59] GET /photo/gequfengmian/IMG_2957.png -> 0
[2026-03-26 18:57:59] GET /photo/gequfengmian/IMG_2957.png -> 200
[2026-03-26 18:57:59] GET /photo/gequfengmian/IMG_2950.png -> 0
[2026-03-26 18:57:59] GET /photo/gequfengmian/IMG_2950.png -> 200
[2026-03-26 18:57:59] GET /photo/gequfengmian/IMG_2959.png -> 0
[2026-03-26 18:57:59] GET /photo/gequfengmian/IMG_2959.png -> 200
[2026-03-26 18:57:59] GET /photo/gequfengmian/IMG_2960.png -> 0
[2026-03-26 18:57:59] GET /photo/gequfengmian/IMG_2960.png -> 200
[2026-03-26 18:57:59] GET /photo/gequfengmian/IMG_2961.png -> 0
[2026-03-26 18:57:59] GET /photo/gequfengmian/IMG_2961.png -> 200
[2026-03-26 18:57:59] GET /photo/gequfengmian/IMG_2962.png -> 0
[2026-03-26 18:57:59] GET /photo/gequfengmian/IMG_2962.png -> 200
[2026-03-26 18:57:59] GET /photo/gequfengmian/IMG_2963.png -> 0
[2026-03-26 18:57:59] GET /photo/gequfengmian/IMG_2963.png -> 200
[2026-03-26 18:57:59] GET /photo/002-768x543.png -> 0
[2026-03-26 18:57:59] GET /photo/002-768x543.png -> 200
[2026-03-26 18:57:59] GET /photo/22.png -> 0
[2026-03-26 18:57:59] GET /photo/22.png -> 200
[2026-03-26 18:57:59] GET /photo/33.png -> 0
[2026-03-26 18:57:59] GET /photo/33.png -> 200
[2026-03-26 18:57:59] GET /photo/44.png -> 0
[2026-03-26 18:57:59] GET /photo/44.png -> 200
[2026-03-26 18:57:59] GET /photo/th.png -> 0
[2026-03-26 18:57:59] GET /photo/th.png -> 200
[2026-03-26 18:57:59] GET /photo/w640slw.png -> 0
[2026-03-26 18:57:59] GET /photo/666.png -> 0
[2026-03-26 18:57:59] GET /photo/666.png -> 200
[2026-03-26 18:57:59] GET /photo/w640slw.png -> 200
[2026-03-26 18:57:59] GET /photo/77.png -> 0
[2026-03-26 18:57:59] GET /photo/77.png -> 200
[2026-03-26 18:57:59] GET /photo/FB-f-Logo_-white_100.png -> 0
[2026-03-26 18:57:59] GET /photo/FB-f-Logo_-white_100.png -> 200
[2026-03-26 18:57:59] GET /photo/wechat-white-1.png -> 0
[2026-03-26 18:57:59] GET /photo/wechat-white-1.png -> 200
[2026-03-26 18:57:59] GET /photo/weibo-white-website-logo-1.png -> 0
[2026-03-26 18:57:59] GET /photo/weibo-white-website-logo-1.png -> 200
[2026-03-26 18:57:59] GET /photo/youtube-white-150x150-1.png -> 0
[2026-03-26 18:57:59] GET /photo/youtube-white-150x150-1.png -> 200
[2026-03-26 18:58:11] GET /login.html -> 0
[2026-03-26 18:58:11] GET /login.html -> 200
[2026-03-26 18:58:15] POST /login.html -> 0
[2026-03-26 18:59:09] POST /login.html -> 0
[2026-03-26 18:59:10] POST /login.html -> 0
[2026-03-26 18:59:12] POST /login.html -> 0
[2026-03-26 18:59:15] POST /login.html -> 0
[2026-03-26 18:59:19] POST /login.html -> 0
[2026-03-26 18:59:24] POST /login.html -> 0
[2026-03-26 18:59:30] POST /login.html -> 0
[2026-03-26 18:59:37] POST /login.html -> 0
[2026-03-26 18:59:45] POST /login.html -> 0
[2026-03-26 18:59:54] POST /login.html -> 0
[2026-03-26 19:00:04] POST /login.html -> 0
[2026-03-26 19:00:14] POST /login.html -> 0
[2026-03-26 19:00:24] POST /login.html -> 0
[2026-03-26 19:00:34] POST /login.html -> 0
[2026-03-26 19:00:44] POST /login.html -> 0
[2026-03-26 19:00:54] POST /login.html -> 0
[2026-03-26 19:01:04] POST /login.html -> 0
[2026-03-26 19:01:14] POST /login.html -> 0
[2026-03-26 19:01:24] POST /login.html -> 0
[2026-03-26 19:01:34] POST /login.html -> 0
[2026-03-26 19:03:09] POST /login.html -> 0
[2026-03-26 19:03:10] POST /login.html -> 0
[2026-03-26 19:03:12] POST /login.html -> 0
[2026-03-26 19:03:15] POST /login.html -> 0
[2026-03-26 19:03:19] POST /login.html -> 0
[2026-03-26 19:03:24] POST /login.html -> 0
[2026-03-26 19:03:30] POST /login.html -> 0
[2026-03-26 19:03:37] POST /login.html -> 0
[2026-03-26 19:03:45] POST /login.html -> 0
[2026-03-26 19:03:54] POST /login.html -> 0
[2026-03-26 19:03:55] GET /login.html -> 0
[2026-03-26 19:03:55] GET /login.html -> 200
[2026-03-26 19:03:55] GET /favicon.ico -> 0
[2026-03-26 19:03:55] GET /favicon.ico -> 404
[2026-03-26 19:04:04] POST /login.html -> 0
[2026-03-26 19:04:14] POST /login.html -> 0
[2026-03-26 19:04:24] POST /login.html -> 0
[2026-03-26 19:04:34] POST /login.html -> 0
[2026-03-26 19:04:44] POST /login.html -> 0
[2026-03-26 19:04:54] POST /login.html -> 0
[2026-03-26 19:05:04] POST /login.html -> 0
[2026-03-26 19:05:14] POST /login.html -> 0
[2026-03-26 19:05:24] POST /login.html -> 0
[2026-03-26 19:05:34] POST /login.html -> 0
[2026-03-26 19:06:25] GET /login.html -> 0
[2026-03-26 19:06:25] GET /login.html -> 200
[2026-03-26 19:06:25] GET /favicon.ico -> 0
[2026-03-26 19:06:25] GET /favicon.ico -> 404
[2026-03-26 19:06:31] POST /login.html -> 0
[2026-03-26 19:06:31] POST /login.html -> 0
[2026-03-26 19:06:39] POST /login.html -> 0
[2026-03-26 19:06:39] POST /login.html -> 0
[2026-03-26 19:06:39] POST /login.html -> 0
[2026-03-26 19:06:39] POST /login.html -> 0
[2026-03-26 19:07:02] POST /login.html -> 0
[2026-03-26 19:07:09] GET /login.html -> 0
[2026-03-26 19:07:09] GET /login.html -> 200
[2026-03-26 19:07:13] POST /login.html -> 0
[2026-03-26 19:07:13] POST /login.html -> 0
[2026-03-26 19:07:13] POST /login.html -> 0
[2026-03-26 19:07:53] POST /login.html -> 0
[2026-03-26 19:24:30] GET /login.html -> 0
[2026-03-26 19:24:30] GET /login.html -> 200
[2026-03-26 19:24:30] GET /favicon.ico -> 0
[2026-03-26 19:24:30] GET /favicon.ico -> 404
[2026-03-26 19:24:35] POST /login.html -> 0
[2026-03-26 19:24:39] GET /login.html -> 0
[2026-03-26 19:24:39] GET /login.html -> 200
[2026-03-26 19:24:43] POST /login.html -> 0
[2026-03-26 19:24:43] GET /index.html -> 0
[2026-03-26 19:24:43] GET /index.html -> 200
[2026-03-26 19:24:43] GET /photo/EASON-CHAN.png -> 0
[2026-03-26 19:24:43] GET /photo/Eason-Concert-Horizontal-01-2-3c.png -> 0
[2026-03-26 19:24:43] GET /photo/Eason-Concert-Horizontal-01-2-3c.png -> 200
[2026-03-26 19:24:43] GET /photo/EASON-CHAN.png -> 200
[2026-03-26 19:24:43] GET /photo/11OIP-C.png -> 0
[2026-03-26 19:24:43] GET /photo/11OIP-C.png -> 200
[2026-03-26 19:24:43] GET /photo/OIP-C%20(2).png -> 0
[2026-03-26 19:24:43] GET /photo/OIP-C%20(2).png -> 404
[2026-03-26 19:24:43] GET /photo/OIP-C%20(3).png -> 0
[2026-03-26 19:24:43] GET /photo/OIP-C%20(3).png -> 404
[2026-03-26 19:24:43] GET /photo/OIP-C%20(4).png -> 0
[2026-03-26 19:24:43] GET /photo/OIP-C%20(4).png -> 404
[2026-03-26 19:24:43] GET /photo/OIP-C1.png -> 0
[2026-03-26 19:24:43] GET /photo/OIP-22C.png -> 0
[2026-03-26 19:24:43] GET /photo/OIP-C2.png -> 0
[2026-03-26 19:24:43] GET /photo/OIP-C.png -> 0
[2026-03-26 19:24:43] GET /photo/OIP-C2.png -> 200
[2026-03-26 19:24:43] GET /photo/OIP-C.png -> 200
[2026-03-26 19:24:43] GET /photo/OIP-22C.png -> 200
[2026-03-26 19:24:43] GET /photo/OIP-C1.png -> 200
[2026-03-26 19:24:43] GET /photo/gequfengmian/IMG_2950.png -> 0
[2026-03-26 19:24:43] GET /photo/gequfengmian/IMG_2959.png -> 0
[2026-03-26 19:24:43] GET /photo/gequfengmian/IMG_2959.png -> 200
[2026-03-26 19:24:43] GET /photo/gequfengmian/IMG_2955.png -> 0
[2026-03-26 19:24:43] GET /photo/gequfengmian/IMG_2955.png -> 200
[2026-03-26 19:24:43] GET /photo/gequfengmian/IMG_2950.png -> 200
[2026-03-26 19:24:43] GET /photo/gequfengmian/IMG_2957.png -> 0
[2026-03-26 19:24:43] GET /photo/gequfengmian/IMG_2957.png -> 200
[2026-03-26 19:24:43] GET /photo/gequfengmian/IMG_2956.png -> 0
[2026-03-26 19:24:43] GET /photo/gequfengmian/IMG_2956.png -> 200
[2026-03-26 19:24:43] GET /photo/QQ20241206-214636.png -> 0
[2026-03-26 19:24:43] GET /photo/QQ20241206-214636.png -> 200
[2026-03-26 19:24:43] GET /photo/gequfengmian/IMG_2960.png -> 0
[2026-03-26 19:24:43] GET /photo/gequfengmian/IMG_2961.png -> 0
[2026-03-26 19:24:43] GET /photo/gequfengmian/IMG_2961.png -> 200
[2026-03-26 19:24:43] GET /photo/gequfengmian/IMG_2960.png -> 200
[2026-03-26 19:24:43] GET /photo/gequfengmian/IMG_2962.png -> 0
[2026-03-26 19:24:43] GET /photo/gequfengmian/IMG_2962.png -> 200
[2026-03-26 19:24:43] GET /photo/gequfengmian/IMG_2963.png -> 0
[2026-03-26 19:24:43] GET /photo/gequfengmian/IMG_2963.png -> 200
[2026-03-26 19:24:43] GET /photo/22.png -> 0
[2026-03-26 19:24:43] GET /photo/22.png -> 200
[2026-03-26 19:24:43] GET /photo/33.png -> 0
[2026-03-26 19:24:43] GET /photo/33.png -> 200
[2026-03-26 19:24:43] GET /photo/44.png -> 0
[2026-03-26 19:24:43] GET /photo/44.png -> 200
[2026-03-26 19:24:43] GET /photo/th.png -> 0
[2026-03-26 19:24:43] GET /photo/th.png -> 200
[2026-03-26 19:24:43] GET /photo/w640slw.png -> 0
[2026-03-26 19:24:43] GET /photo/666.png -> 0
[2026-03-26 19:24:43] GET /photo/666.png -> 200
[2026-03-26 19:24:43] GET /photo/w640slw.png -> 200
[2026-03-26 19:24:43] GET /photo/77.png -> 0
[2026-03-26 19:24:43] GET /photo/77.png -> 200
[2026-03-26 19:24:43] GET /photo/wechat-white-1.png -> 0
[2026-03-26 19:24:43] GET /photo/wechat-white-1.png -> 200
[2026-03-26 19:24:43] GET /photo/youtube-white-150x150-1.png -> 0
[2026-03-26 19:24:43] GET /photo/FB-f-Logo_-white_100.png -> 0
[2026-03-26 19:24:43] GET /photo/FB-f-Logo_-white_100.png -> 200
[2026-03-26 19:24:43] GET /photo/002-768x543.png -> 0
[2026-03-26 19:24:43] GET /photo/weibo-white-website-logo-1.png -> 0
[2026-03-26 19:24:43] GET /photo/002-768x543.png -> 200
[2026-03-26 19:24:43] GET /photo/weibo-white-website-logo-1.png -> 200
[2026-03-26 19:24:43] GET /photo/youtube-white-150x150-1.png -> 200
[2026-03-26 19:24:51] GET /login.html -> 0
[2026-03-26 19:24:51] GET /login.html -> 200
[2026-03-26 19:24:54] POST /login.html -> 0
[2026-03-26 19:24:55] GET /login.html -> 0
[2026-03-26 19:24:55] GET /login.html -> 200
[2026-03-26 19:25:07] POST /login.html -> 0
[2026-03-26 19:25:07] GET /index.html -> 0
[2026-03-26 19:25:07] GET /index.html -> 200
[2026-03-26 19:25:07] GET /photo/EASON-CHAN.png -> 0
[2026-03-26 19:25:07] GET /photo/Eason-Concert-Horizontal-01-2-3c.png -> 0
[2026-03-26 19:25:07] GET /photo/EASON-CHAN.png -> 200
[2026-03-26 19:25:07] GET /photo/Eason-Concert-Horizontal-01-2-3c.png -> 200
[2026-03-26 19:25:07] GET /photo/OIP-C%20(2).png -> 0
[2026-03-26 19:25:07] GET /photo/OIP-C%20(2).png -> 404
[2026-03-26 19:25:07] GET /photo/OIP-C%20(3).png -> 0
[2026-03-26 19:25:07] GET /photo/OIP-C%20(3).png -> 404
[2026-03-26 19:25:07] GET /photo/OIP-C%20(4).png -> 0
[2026-03-26 19:25:07] GET /photo/OIP-C%20(4).png -> 404
[2026-03-26 19:25:07] GET /photo/11OIP-C.png -> 0
[2026-03-26 19:25:07] GET /photo/11OIP-C.png -> 200
[2026-03-26 19:25:07] GET /photo/OIP-C1.png -> 0
[2026-03-26 19:25:07] GET /photo/OIP-C2.png -> 0
[2026-03-26 19:25:07] GET /photo/OIP-C2.png -> 200
[2026-03-26 19:25:07] GET /photo/OIP-C1.png -> 200
[2026-03-26 19:25:07] GET /photo/OIP-22C.png -> 0
[2026-03-26 19:25:07] GET /photo/OIP-22C.png -> 200
[2026-03-26 19:25:07] GET /photo/OIP-C.png -> 0
[2026-03-26 19:25:07] GET /photo/OIP-C.png -> 200
[2026-03-26 19:25:07] GET /photo/gequfengmian/IMG_2950.png -> 0
[2026-03-26 19:25:07] GET /photo/gequfengmian/IMG_2950.png -> 200
[2026-03-26 19:25:07] GET /photo/gequfengmian/IMG_2955.png -> 0
[2026-03-26 19:25:07] GET /photo/gequfengmian/IMG_2955.png -> 200
[2026-03-26 19:25:07] GET /photo/QQ20241206-214636.png -> 0
[2026-03-26 19:25:07] GET /photo/QQ20241206-214636.png -> 200
[2026-03-26 19:25:07] GET /photo/gequfengmian/IMG_2956.png -> 0
[2026-03-26 19:25:07] GET /photo/gequfengmian/IMG_2956.png -> 200
[2026-03-26 19:25:07] GET /photo/gequfengmian/IMG_2960.png -> 0
[2026-03-26 19:25:07] GET /photo/gequfengmian/IMG_2960.png -> 200
[2026-03-26 19:25:08] GET /photo/gequfengmian/IMG_2961.png -> 0
[2026-03-26 19:25:08] GET /photo/gequfengmian/IMG_2961.png -> 200
[2026-03-26 19:25:08] GET /photo/gequfengmian/IMG_2959.png -> 0
[2026-03-26 19:25:08] GET /photo/gequfengmian/IMG_2959.png -> 200
[2026-03-26 19:25:08] GET /photo/gequfengmian/IMG_2957.png -> 0
[2026-03-26 19:25:08] GET /photo/gequfengmian/IMG_2957.png -> 200
[2026-03-26 19:25:08] GET /photo/gequfengmian/IMG_2963.png -> 0
[2026-03-26 19:25:08] GET /photo/gequfengmian/IMG_2963.png -> 200
[2026-03-26 19:25:08] GET /photo/gequfengmian/IMG_2962.png -> 0
[2026-03-26 19:25:08] GET /photo/gequfengmian/IMG_2962.png -> 200
[2026-03-26 19:25:08] GET /photo/002-768x543.png -> 0
[2026-03-26 19:25:08] GET /photo/002-768x543.png -> 200
[2026-03-26 19:25:08] GET /photo/22.png -> 0
[2026-03-26 19:25:08] GET /photo/22.png -> 200
[2026-03-26 19:25:08] GET /photo/44.png -> 0
[2026-03-26 19:25:08] GET /photo/44.png -> 200
[2026-03-26 19:25:08] GET /photo/666.png -> 0
[2026-03-26 19:25:08] GET /photo/666.png -> 200
[2026-03-26 19:25:08] GET /photo/th.png -> 0
[2026-03-26 19:25:08] GET /photo/77.png -> 0
[2026-03-26 19:25:08] GET /photo/77.png -> 200
[2026-03-26 19:25:08] GET /photo/th.png -> 200
[2026-03-26 19:25:08] GET /photo/33.png -> 0
[2026-03-26 19:25:08] GET /photo/FB-f-Logo_-white_100.png -> 0
[2026-03-26 19:25:08] GET /photo/FB-f-Logo_-white_100.png -> 200
[2026-03-26 19:25:08] GET /photo/weibo-white-website-logo-1.png -> 0
[2026-03-26 19:25:08] GET /photo/33.png -> 200
[2026-03-26 19:25:08] GET /photo/weibo-white-website-logo-1.png -> 200
[2026-03-26 19:25:08] GET /photo/w640slw.png -> 0
[2026-03-26 19:25:08] GET /photo/w640slw.png -> 200
[2026-03-26 19:25:08] GET /photo/wechat-white-1.png -> 0
[2026-03-26 19:25:08] GET /photo/wechat-white-1.png -> 200
[2026-03-26 19:25:08] GET /photo/youtube-white-150x150-1.png -> 0
[2026-03-26 19:25:08] GET /photo/youtube-white-150x150-1.png -> 200
